INFO:root:Socket is listening..
INFO:root:Connected to:  192.168.50.55:64313 as host 0
INFO:root:Thread Number: 1
INFO:root:Sending file to the host: 1
INFO:root:Connected to:  192.168.50.55:64314 as host 1
INFO:root:Thread Number: 2
INFO:root:Sending file to the host: 2
INFO:root:Connected to:  192.168.50.55:64315 as host 2
INFO:root:Thread Number: 3
INFO:root:Sending file to the host: 3
INFO:root:Connected to:  192.168.50.55:64317 as host 3
INFO:root:Thread Number: 4
INFO:root:Sending file to the host: 4
INFO:root:<md5 _hashlib.HASH object @ 0x000001458AD26CF0>
INFO:root:Hash of file: 889f2cbdf08c277a434964a42ef4f641
INFO:root:Connected to:  192.168.50.55:64319 as host 4
INFO:root:Thread Number: 5
INFO:root:<md5 _hashlib.HASH object @ 0x000001458AD26C30>
INFO:root:Hash of file: 889f2cbdf08c277a434964a42ef4f641
INFO:root:Sending file to the host: 5
INFO:root:Connected to:  192.168.50.55:64320 as host 5
INFO:root:Thread Number: 6
INFO:root:Sending file to the host: 6
INFO:root:Connected to:  192.168.50.55:64321 as host 6
INFO:root:Thread Number: 7
INFO:root:Sending file to the host: 7
INFO:root:Connected to:  192.168.50.55:64322 as host 7
INFO:root:Thread Number: 8
INFO:root:Sending file to the host: 8
INFO:root:Connected to:  192.168.50.55:64324 as host 8
INFO:root:Thread Number: 9
INFO:root:<md5 _hashlib.HASH object @ 0x000001458AD26C90>
INFO:root:Hash of file: 889f2cbdf08c277a434964a42ef4f641
INFO:root:Sending file to the host: 9
INFO:root:Connected to:  192.168.50.55:64325 as host 9
INFO:root:Thread Number: 10
INFO:root:Sending file to the host: 10
INFO:root:Connected to:  192.168.50.55:64326 as host 10
INFO:root:Thread Number: 11
INFO:root:Connected to:  192.168.50.55:64327 as host 11
INFO:root:Thread Number: 12
INFO:root:Sending file to the host: 12
INFO:root:Connected to:  192.168.50.55:64328 as host 12
INFO:root:Thread Number: 13
INFO:root:Sending file to the host: 13
INFO:root:Sending file to the host: 13
INFO:root:Connected to:  192.168.50.55:64330 as host 13
INFO:root:Thread Number: 14
INFO:root:<md5 _hashlib.HASH object @ 0x000001458AD26D90>
INFO:root:Hash of file: 889f2cbdf08c277a434964a42ef4f641
INFO:root:Connected to:  192.168.50.55:64331 as host 14
INFO:root:Thread Number: 15
INFO:root:Sending file to the host: 15
INFO:root:Connected to:  192.168.50.55:64332 as host 15
INFO:root:Thread Number: 16
INFO:root:<md5 _hashlib.HASH object @ 0x000001458AD26D30>
INFO:root:Hash of file: 889f2cbdf08c277a434964a42ef4f641
INFO:root:Sending file to the host: 16
INFO:root:Sending file to the host: 16
INFO:root:Connected to:  192.168.50.55:64333 as host 16
INFO:root:Thread Number: 17
INFO:root:Connected to:  192.168.50.55:64334 as host 17
INFO:root:Thread Number: 18
INFO:root:Sending file to the host: 18
INFO:root:Connected to:  192.168.50.55:64336 as host 18
INFO:root:Thread Number: 19
INFO:root:Sending file to the host: 19
INFO:root:<md5 _hashlib.HASH object @ 0x000001458AD26F90>
INFO:root:Hash of file: 889f2cbdf08c277a434964a42ef4f641
INFO:root:Connected to:  192.168.50.55:64337 as host 19
INFO:root:Thread Number: 20
INFO:root:Sending file to the host: 20
INFO:root:Connected to:  192.168.50.55:64338 as host 20
INFO:root:Thread Number: 21
INFO:root:Sending file to the host: 21
INFO:root:Connected to:  192.168.50.55:64339 as host 21
INFO:root:Thread Number: 22
INFO:root:Connected to:  192.168.50.55:64340 as host 22
INFO:root:Thread Number: 23
INFO:root:Sending file to the host: 23
INFO:root:Connected to:  192.168.50.55:64342 as host 23
INFO:root:Thread Number: 24
INFO:root:Sending file to the host: 24
INFO:root:Connected to:  192.168.50.55:64343 as host 24
INFO:root:Thread Number: 25
INFO:root:<md5 _hashlib.HASH object @ 0x000001458AD26B50>
INFO:root:Hash of file: 889f2cbdf08c277a434964a42ef4f641
INFO:root:Sending file to the host: 25
INFO:root:Sending file to the host: 25
INFO:root:<md5 _hashlib.HASH object @ 0x000001458AD26BB0>
INFO:root:Hash of file: 889f2cbdf08c277a434964a42ef4f641
INFO:root:Sending file to the host: 25
INFO:root:<md5 _hashlib.HASH object @ 0x000001458AD26990>
INFO:root:Hash of file: 889f2cbdf08c277a434964a42ef4f641
INFO:root:<md5 _hashlib.HASH object @ 0x000001458AD269B0>
INFO:root:Hash of file: 889f2cbdf08c277a434964a42ef4f641
INFO:root:<md5 _hashlib.HASH object @ 0x000001458C5608B0>
INFO:root:Hash of file: 889f2cbdf08c277a434964a42ef4f641
INFO:root:<md5 _hashlib.HASH object @ 0x000001458C560730>
INFO:root:Hash of file: 889f2cbdf08c277a434964a42ef4f641
INFO:root:<md5 _hashlib.HASH object @ 0x000001458C5608D0>
INFO:root:Hash of file: 889f2cbdf08c277a434964a42ef4f641
INFO:root:<md5 _hashlib.HASH object @ 0x000001458C5606B0>
INFO:root:Hash of file: 889f2cbdf08c277a434964a42ef4f641
INFO:root:<md5 _hashlib.HASH object @ 0x000001458C560AD0>
INFO:root:Hash of file: 889f2cbdf08c277a434964a42ef4f641
INFO:root:<md5 _hashlib.HASH object @ 0x000001458C560590>
INFO:root:Hash of file: 889f2cbdf08c277a434964a42ef4f641
INFO:root:<md5 _hashlib.HASH object @ 0x000001458C560290>
INFO:root:Hash of file: 889f2cbdf08c277a434964a42ef4f641
INFO:root:<md5 _hashlib.HASH object @ 0x000001458AD26A10>
INFO:root:Hash of file: 889f2cbdf08c277a434964a42ef4f641
INFO:root:<md5 _hashlib.HASH object @ 0x000001458C5606F0>
INFO:root:Hash of file: 889f2cbdf08c277a434964a42ef4f641
INFO:root:<md5 _hashlib.HASH object @ 0x000001458C5609B0>
INFO:root:Hash of file: 889f2cbdf08c277a434964a42ef4f641
INFO:root:<md5 _hashlib.HASH object @ 0x000001458C560BB0>
INFO:root:Hash of file: 889f2cbdf08c277a434964a42ef4f641
INFO:root:<md5 _hashlib.HASH object @ 0x000001458C5602D0>
INFO:root:Hash of file: 889f2cbdf08c277a434964a42ef4f641
INFO:root:<md5 _hashlib.HASH object @ 0x000001458C560A50>
INFO:root:Hash of file: 889f2cbdf08c277a434964a42ef4f641
INFO:root:<md5 _hashlib.HASH object @ 0x000001458C560130>
INFO:root:Hash of file: 889f2cbdf08c277a434964a42ef4f641
INFO:root:<md5 _hashlib.HASH object @ 0x000001458C5605F0>
INFO:root:Hash of file: 889f2cbdf08c277a434964a42ef4f641
